

Started GET "/" for 127.0.0.1 at Sun Aug 07 20:49:53 +0530 2011
  Processing by TickerController#index as HTML
Rendered ticker/index.html.erb within layouts/application (3.0ms)
Completed 200 OK in 13ms (Views: 5.6ms | ActiveRecord: 1.4ms)


Started GET "/javascripts/prototype.js?1312468095" for 127.0.0.1 at Sun Aug 07 20:49:53 +0530 2011

ActionController::RoutingError (No route matches "/javascripts/prototype.js"):
  

Rendered /var/lib/gems/1.8/gems/actionpack-3.0.9/lib/action_dispatch/middleware/templates/rescues/routing_error.erb within rescues/layout (0.7ms)


Started GET "/javascripts/effects.js?1312468095" for 127.0.0.1 at Sun Aug 07 20:49:53 +0530 2011

ActionController::RoutingError (No route matches "/javascripts/effects.js"):
  

Rendered /var/lib/gems/1.8/gems/actionpack-3.0.9/lib/action_dispatch/middleware/templates/rescues/routing_error.erb within rescues/layout (0.8ms)


Started GET "/javascripts/dragdrop.js?1312468095" for 127.0.0.1 at Sun Aug 07 20:49:53 +0530 2011

ActionController::RoutingError (No route matches "/javascripts/dragdrop.js"):
  

Rendered /var/lib/gems/1.8/gems/actionpack-3.0.9/lib/action_dispatch/middleware/templates/rescues/routing_error.erb within rescues/layout (0.7ms)


Started GET "/javascripts/controls.js?1312468095" for 127.0.0.1 at Sun Aug 07 20:49:53 +0530 2011

ActionController::RoutingError (No route matches "/javascripts/controls.js"):
  

Rendered /var/lib/gems/1.8/gems/actionpack-3.0.9/lib/action_dispatch/middleware/templates/rescues/routing_error.erb within rescues/layout (0.7ms)


Started GET "/javascripts/rails.js?1312468095" for 127.0.0.1 at Sun Aug 07 20:49:53 +0530 2011

ActionController::RoutingError (No route matches "/javascripts/rails.js"):
  

Rendered /var/lib/gems/1.8/gems/actionpack-3.0.9/lib/action_dispatch/middleware/templates/rescues/routing_error.erb within rescues/layout (0.7ms)


Started GET "/javascripts/application.js?1312468095" for 127.0.0.1 at Sun Aug 07 20:49:53 +0530 2011

ActionController::RoutingError (No route matches "/javascripts/application.js"):
  

Rendered /var/lib/gems/1.8/gems/actionpack-3.0.9/lib/action_dispatch/middleware/templates/rescues/routing_error.erb within rescues/layout (0.7ms)


Started GET "/javascripts/effects.js?1312468095" for 127.0.0.1 at Sun Aug 07 20:49:53 +0530 2011

ActionController::RoutingError (No route matches "/javascripts/effects.js"):
  

Rendered /var/lib/gems/1.8/gems/actionpack-3.0.9/lib/action_dispatch/middleware/templates/rescues/routing_error.erb within rescues/layout (0.7ms)


Started GET "/javascripts/dragdrop.js?1312468095" for 127.0.0.1 at Sun Aug 07 20:49:53 +0530 2011

ActionController::RoutingError (No route matches "/javascripts/dragdrop.js"):
  

Rendered /var/lib/gems/1.8/gems/actionpack-3.0.9/lib/action_dispatch/middleware/templates/rescues/routing_error.erb within rescues/layout (0.6ms)


Started GET "/javascripts/controls.js?1312468095" for 127.0.0.1 at Sun Aug 07 20:49:53 +0530 2011

ActionController::RoutingError (No route matches "/javascripts/controls.js"):
  

Rendered /var/lib/gems/1.8/gems/actionpack-3.0.9/lib/action_dispatch/middleware/templates/rescues/routing_error.erb within rescues/layout (0.7ms)


Started GET "/javascripts/rails.js?1312468095" for 127.0.0.1 at Sun Aug 07 20:49:53 +0530 2011

ActionController::RoutingError (No route matches "/javascripts/rails.js"):
  

Rendered /var/lib/gems/1.8/gems/actionpack-3.0.9/lib/action_dispatch/middleware/templates/rescues/routing_error.erb within rescues/layout (0.7ms)


Started GET "/javascripts/application.js?1312468095" for 127.0.0.1 at Sun Aug 07 20:49:53 +0530 2011

ActionController::RoutingError (No route matches "/javascripts/application.js"):
  

Rendered /var/lib/gems/1.8/gems/actionpack-3.0.9/lib/action_dispatch/middleware/templates/rescues/routing_error.erb within rescues/layout (0.7ms)


Started GET "/" for 127.0.0.1 at Sun Aug 07 23:08:04 +0530 2011
  Processing by TickerController#index as HTML
Rendered ticker/index.html.erb within layouts/application (3.0ms)
Completed 200 OK in 11ms (Views: 5.6ms | ActiveRecord: 0.5ms)


Started GET "/javascripts/prototype.js?1312468095" for 127.0.0.1 at Sun Aug 07 23:08:04 +0530 2011

ActionController::RoutingError (No route matches "/javascripts/prototype.js"):
  

Rendered /var/lib/gems/1.8/gems/actionpack-3.0.9/lib/action_dispatch/middleware/templates/rescues/routing_error.erb within rescues/layout (0.7ms)


Started GET "/javascripts/effects.js?1312468095" for 127.0.0.1 at Sun Aug 07 23:08:04 +0530 2011

ActionController::RoutingError (No route matches "/javascripts/effects.js"):
  

Rendered /var/lib/gems/1.8/gems/actionpack-3.0.9/lib/action_dispatch/middleware/templates/rescues/routing_error.erb within rescues/layout (0.7ms)


Started GET "/javascripts/dragdrop.js?1312468095" for 127.0.0.1 at Sun Aug 07 23:08:04 +0530 2011

ActionController::RoutingError (No route matches "/javascripts/dragdrop.js"):
  

Rendered /var/lib/gems/1.8/gems/actionpack-3.0.9/lib/action_dispatch/middleware/templates/rescues/routing_error.erb within rescues/layout (0.7ms)


Started GET "/javascripts/controls.js?1312468095" for 127.0.0.1 at Sun Aug 07 23:08:04 +0530 2011

ActionController::RoutingError (No route matches "/javascripts/controls.js"):
  

Rendered /var/lib/gems/1.8/gems/actionpack-3.0.9/lib/action_dispatch/middleware/templates/rescues/routing_error.erb within rescues/layout (0.7ms)


Started GET "/javascripts/rails.js?1312468095" for 127.0.0.1 at Sun Aug 07 23:08:04 +0530 2011

ActionController::RoutingError (No route matches "/javascripts/rails.js"):
  

Rendered /var/lib/gems/1.8/gems/actionpack-3.0.9/lib/action_dispatch/middleware/templates/rescues/routing_error.erb within rescues/layout (0.7ms)


Started GET "/javascripts/application.js?1312468095" for 127.0.0.1 at Sun Aug 07 23:08:04 +0530 2011

ActionController::RoutingError (No route matches "/javascripts/application.js"):
  

Rendered /var/lib/gems/1.8/gems/actionpack-3.0.9/lib/action_dispatch/middleware/templates/rescues/routing_error.erb within rescues/layout (0.7ms)


Started GET "/javascripts/effects.js?1312468095" for 127.0.0.1 at Sun Aug 07 23:08:04 +0530 2011

ActionController::RoutingError (No route matches "/javascripts/effects.js"):
  

Rendered /var/lib/gems/1.8/gems/actionpack-3.0.9/lib/action_dispatch/middleware/templates/rescues/routing_error.erb within rescues/layout (0.7ms)


Started GET "/javascripts/dragdrop.js?1312468095" for 127.0.0.1 at Sun Aug 07 23:08:04 +0530 2011

ActionController::RoutingError (No route matches "/javascripts/dragdrop.js"):
  

Rendered /var/lib/gems/1.8/gems/actionpack-3.0.9/lib/action_dispatch/middleware/templates/rescues/routing_error.erb within rescues/layout (0.7ms)


Started GET "/javascripts/controls.js?1312468095" for 127.0.0.1 at Sun Aug 07 23:08:04 +0530 2011

ActionController::RoutingError (No route matches "/javascripts/controls.js"):
  

Rendered /var/lib/gems/1.8/gems/actionpack-3.0.9/lib/action_dispatch/middleware/templates/rescues/routing_error.erb within rescues/layout (0.7ms)


Started GET "/javascripts/rails.js?1312468095" for 127.0.0.1 at Sun Aug 07 23:08:04 +0530 2011

ActionController::RoutingError (No route matches "/javascripts/rails.js"):
  

Rendered /var/lib/gems/1.8/gems/actionpack-3.0.9/lib/action_dispatch/middleware/templates/rescues/routing_error.erb within rescues/layout (0.7ms)


Started GET "/javascripts/application.js?1312468095" for 127.0.0.1 at Sun Aug 07 23:08:04 +0530 2011

ActionController::RoutingError (No route matches "/javascripts/application.js"):
  

Rendered /var/lib/gems/1.8/gems/actionpack-3.0.9/lib/action_dispatch/middleware/templates/rescues/routing_error.erb within rescues/layout (0.8ms)


Started GET "/" for 127.0.0.1 at Mon Aug 08 13:51:48 +0530 2011
  Processing by TickerController#index as HTML
Rendered ticker/index.html.erb within layouts/application (23.2ms)
Completed 200 OK in 99ms (Views: 42.7ms | ActiveRecord: 53.5ms)


Started GET "/javascripts/prototype.js?1312468095" for 127.0.0.1 at Mon Aug 08 13:51:48 +0530 2011

ActionController::RoutingError (No route matches "/javascripts/prototype.js"):
  

Rendered /var/lib/gems/1.8/gems/actionpack-3.0.9/lib/action_dispatch/middleware/templates/rescues/routing_error.erb within rescues/layout (1.1ms)


Started GET "/javascripts/effects.js?1312468095" for 127.0.0.1 at Mon Aug 08 13:51:48 +0530 2011

ActionController::RoutingError (No route matches "/javascripts/effects.js"):
  

Rendered /var/lib/gems/1.8/gems/actionpack-3.0.9/lib/action_dispatch/middleware/templates/rescues/routing_error.erb within rescues/layout (0.7ms)


Started GET "/javascripts/dragdrop.js?1312468095" for 127.0.0.1 at Mon Aug 08 13:51:48 +0530 2011

ActionController::RoutingError (No route matches "/javascripts/dragdrop.js"):
  

Rendered /var/lib/gems/1.8/gems/actionpack-3.0.9/lib/action_dispatch/middleware/templates/rescues/routing_error.erb within rescues/layout (1.4ms)


Started GET "/javascripts/controls.js?1312468095" for 127.0.0.1 at Mon Aug 08 13:51:48 +0530 2011

ActionController::RoutingError (No route matches "/javascripts/controls.js"):
  

Rendered /var/lib/gems/1.8/gems/actionpack-3.0.9/lib/action_dispatch/middleware/templates/rescues/routing_error.erb within rescues/layout (0.7ms)


Started GET "/javascripts/rails.js?1312468095" for 127.0.0.1 at Mon Aug 08 13:51:48 +0530 2011

ActionController::RoutingError (No route matches "/javascripts/rails.js"):
  

Rendered /var/lib/gems/1.8/gems/actionpack-3.0.9/lib/action_dispatch/middleware/templates/rescues/routing_error.erb within rescues/layout (0.6ms)


Started GET "/javascripts/application.js?1312468095" for 127.0.0.1 at Mon Aug 08 13:51:48 +0530 2011

ActionController::RoutingError (No route matches "/javascripts/application.js"):
  

Rendered /var/lib/gems/1.8/gems/actionpack-3.0.9/lib/action_dispatch/middleware/templates/rescues/routing_error.erb within rescues/layout (0.9ms)


Started GET "/javascripts/effects.js?1312468095" for 127.0.0.1 at Mon Aug 08 13:51:48 +0530 2011

ActionController::RoutingError (No route matches "/javascripts/effects.js"):
  

Rendered /var/lib/gems/1.8/gems/actionpack-3.0.9/lib/action_dispatch/middleware/templates/rescues/routing_error.erb within rescues/layout (1.1ms)


Started GET "/javascripts/dragdrop.js?1312468095" for 127.0.0.1 at Mon Aug 08 13:51:48 +0530 2011

ActionController::RoutingError (No route matches "/javascripts/dragdrop.js"):
  

Rendered /var/lib/gems/1.8/gems/actionpack-3.0.9/lib/action_dispatch/middleware/templates/rescues/routing_error.erb within rescues/layout (1.0ms)


Started GET "/javascripts/controls.js?1312468095" for 127.0.0.1 at Mon Aug 08 13:51:48 +0530 2011

ActionController::RoutingError (No route matches "/javascripts/controls.js"):
  

Rendered /var/lib/gems/1.8/gems/actionpack-3.0.9/lib/action_dispatch/middleware/templates/rescues/routing_error.erb within rescues/layout (0.6ms)


Started GET "/javascripts/rails.js?1312468095" for 127.0.0.1 at Mon Aug 08 13:51:48 +0530 2011

ActionController::RoutingError (No route matches "/javascripts/rails.js"):
  

Rendered /var/lib/gems/1.8/gems/actionpack-3.0.9/lib/action_dispatch/middleware/templates/rescues/routing_error.erb within rescues/layout (0.6ms)


Started GET "/javascripts/application.js?1312468095" for 127.0.0.1 at Mon Aug 08 13:51:48 +0530 2011

ActionController::RoutingError (No route matches "/javascripts/application.js"):
  

Rendered /var/lib/gems/1.8/gems/actionpack-3.0.9/lib/action_dispatch/middleware/templates/rescues/routing_error.erb within rescues/layout (3.0ms)


Started GET "/favicon.ico" for 127.0.0.1 at Mon Aug 08 13:51:50 +0530 2011

ActionController::RoutingError (No route matches "/favicon.ico"):
  

Rendered /var/lib/gems/1.8/gems/actionpack-3.0.9/lib/action_dispatch/middleware/templates/rescues/routing_error.erb within rescues/layout (0.9ms)


Started GET "/favicon.ico" for 127.0.0.1 at Mon Aug 08 13:51:51 +0530 2011

ActionController::RoutingError (No route matches "/favicon.ico"):
  

Rendered /var/lib/gems/1.8/gems/actionpack-3.0.9/lib/action_dispatch/middleware/templates/rescues/routing_error.erb within rescues/layout (0.7ms)


Started GET "/" for 127.0.0.1 at Mon Aug 08 13:53:12 +0530 2011
  Processing by TickerController#index as HTML
Rendered ticker/index.html.erb within layouts/application (2.7ms)
Completed 200 OK in 6ms (Views: 3.5ms | ActiveRecord: 0.2ms)


Started GET "/javascripts/prototype.js?1312468095" for 127.0.0.1 at Mon Aug 08 13:53:12 +0530 2011

ActionController::RoutingError (No route matches "/javascripts/prototype.js"):
  

Rendered /var/lib/gems/1.8/gems/actionpack-3.0.9/lib/action_dispatch/middleware/templates/rescues/routing_error.erb within rescues/layout (0.8ms)


Started GET "/javascripts/effects.js?1312468095" for 127.0.0.1 at Mon Aug 08 13:53:12 +0530 2011

ActionController::RoutingError (No route matches "/javascripts/effects.js"):
  

Rendered /var/lib/gems/1.8/gems/actionpack-3.0.9/lib/action_dispatch/middleware/templates/rescues/routing_error.erb within rescues/layout (1.3ms)


Started GET "/javascripts/dragdrop.js?1312468095" for 127.0.0.1 at Mon Aug 08 13:53:12 +0530 2011

ActionController::RoutingError (No route matches "/javascripts/dragdrop.js"):
  

Rendered /var/lib/gems/1.8/gems/actionpack-3.0.9/lib/action_dispatch/middleware/templates/rescues/routing_error.erb within rescues/layout (0.7ms)


Started GET "/javascripts/controls.js?1312468095" for 127.0.0.1 at Mon Aug 08 13:53:12 +0530 2011

ActionController::RoutingError (No route matches "/javascripts/controls.js"):
  

Rendered /var/lib/gems/1.8/gems/actionpack-3.0.9/lib/action_dispatch/middleware/templates/rescues/routing_error.erb within rescues/layout (0.7ms)


Started GET "/javascripts/rails.js?1312468095" for 127.0.0.1 at Mon Aug 08 13:53:12 +0530 2011

ActionController::RoutingError (No route matches "/javascripts/rails.js"):
  

Rendered /var/lib/gems/1.8/gems/actionpack-3.0.9/lib/action_dispatch/middleware/templates/rescues/routing_error.erb within rescues/layout (0.7ms)


Started GET "/javascripts/application.js?1312468095" for 127.0.0.1 at Mon Aug 08 13:53:12 +0530 2011

ActionController::RoutingError (No route matches "/javascripts/application.js"):
  

Rendered /var/lib/gems/1.8/gems/actionpack-3.0.9/lib/action_dispatch/middleware/templates/rescues/routing_error.erb within rescues/layout (0.7ms)


Started GET "/javascripts/dragdrop.js?1312468095" for 127.0.0.1 at Mon Aug 08 13:53:12 +0530 2011

ActionController::RoutingError (No route matches "/javascripts/dragdrop.js"):
  

Rendered /var/lib/gems/1.8/gems/actionpack-3.0.9/lib/action_dispatch/middleware/templates/rescues/routing_error.erb within rescues/layout (0.9ms)


Started GET "/javascripts/controls.js?1312468095" for 127.0.0.1 at Mon Aug 08 13:53:12 +0530 2011

ActionController::RoutingError (No route matches "/javascripts/controls.js"):
  

Rendered /var/lib/gems/1.8/gems/actionpack-3.0.9/lib/action_dispatch/middleware/templates/rescues/routing_error.erb within rescues/layout (0.9ms)


Started GET "/javascripts/rails.js?1312468095" for 127.0.0.1 at Mon Aug 08 13:53:13 +0530 2011

ActionController::RoutingError (No route matches "/javascripts/rails.js"):
  

Rendered /var/lib/gems/1.8/gems/actionpack-3.0.9/lib/action_dispatch/middleware/templates/rescues/routing_error.erb within rescues/layout (0.7ms)


Started GET "/" for 127.0.0.1 at Mon Aug 08 13:53:13 +0530 2011
  Processing by TickerController#index as HTML
Rendered ticker/index.html.erb within layouts/application (2.2ms)
Completed 200 OK in 5ms (Views: 2.8ms | ActiveRecord: 0.1ms)


Started GET "/javascripts/prototype.js?1312468095" for 127.0.0.1 at Mon Aug 08 13:53:13 +0530 2011

ActionController::RoutingError (No route matches "/javascripts/prototype.js"):
  

Rendered /var/lib/gems/1.8/gems/actionpack-3.0.9/lib/action_dispatch/middleware/templates/rescues/routing_error.erb within rescues/layout (0.8ms)


Started GET "/javascripts/dragdrop.js?1312468095" for 127.0.0.1 at Mon Aug 08 13:53:13 +0530 2011

ActionController::RoutingError (No route matches "/javascripts/dragdrop.js"):
  

Rendered /var/lib/gems/1.8/gems/actionpack-3.0.9/lib/action_dispatch/middleware/templates/rescues/routing_error.erb within rescues/layout (0.7ms)


Started GET "/javascripts/effects.js?1312468095" for 127.0.0.1 at Mon Aug 08 13:53:13 +0530 2011

ActionController::RoutingError (No route matches "/javascripts/effects.js"):
  

Rendered /var/lib/gems/1.8/gems/actionpack-3.0.9/lib/action_dispatch/middleware/templates/rescues/routing_error.erb within rescues/layout (0.7ms)


Started GET "/javascripts/controls.js?1312468095" for 127.0.0.1 at Mon Aug 08 13:53:13 +0530 2011

ActionController::RoutingError (No route matches "/javascripts/controls.js"):
  

Rendered /var/lib/gems/1.8/gems/actionpack-3.0.9/lib/action_dispatch/middleware/templates/rescues/routing_error.erb within rescues/layout (0.7ms)


Started GET "/javascripts/rails.js?1312468095" for 127.0.0.1 at Mon Aug 08 13:53:13 +0530 2011

ActionController::RoutingError (No route matches "/javascripts/rails.js"):
  

Rendered /var/lib/gems/1.8/gems/actionpack-3.0.9/lib/action_dispatch/middleware/templates/rescues/routing_error.erb within rescues/layout (0.7ms)


Started GET "/javascripts/application.js?1312468095" for 127.0.0.1 at Mon Aug 08 13:53:13 +0530 2011

ActionController::RoutingError (No route matches "/javascripts/application.js"):
  

Rendered /var/lib/gems/1.8/gems/actionpack-3.0.9/lib/action_dispatch/middleware/templates/rescues/routing_error.erb within rescues/layout (0.7ms)


Started GET "/javascripts/dragdrop.js?1312468095" for 127.0.0.1 at Mon Aug 08 13:53:13 +0530 2011

ActionController::RoutingError (No route matches "/javascripts/dragdrop.js"):
  

Rendered /var/lib/gems/1.8/gems/actionpack-3.0.9/lib/action_dispatch/middleware/templates/rescues/routing_error.erb within rescues/layout (0.6ms)


Started GET "/javascripts/controls.js?1312468095" for 127.0.0.1 at Mon Aug 08 13:53:13 +0530 2011

ActionController::RoutingError (No route matches "/javascripts/controls.js"):
  

Rendered /var/lib/gems/1.8/gems/actionpack-3.0.9/lib/action_dispatch/middleware/templates/rescues/routing_error.erb within rescues/layout (0.7ms)


Started GET "/javascripts/rails.js?1312468095" for 127.0.0.1 at Mon Aug 08 13:53:13 +0530 2011

ActionController::RoutingError (No route matches "/javascripts/rails.js"):
  

Rendered /var/lib/gems/1.8/gems/actionpack-3.0.9/lib/action_dispatch/middleware/templates/rescues/routing_error.erb within rescues/layout (1.0ms)


Started GET "/javascripts/application.js?1312468095" for 127.0.0.1 at Mon Aug 08 13:53:13 +0530 2011

ActionController::RoutingError (No route matches "/javascripts/application.js"):
  

Rendered /var/lib/gems/1.8/gems/actionpack-3.0.9/lib/action_dispatch/middleware/templates/rescues/routing_error.erb within rescues/layout (0.7ms)


Started GET "/" for 127.0.0.1 at Mon Aug 08 13:53:16 +0530 2011
  Processing by TickerController#index as HTML
Rendered ticker/index.html.erb within layouts/application (2.5ms)
Completed 200 OK in 5ms (Views: 3.2ms | ActiveRecord: 0.1ms)


Started GET "/javascripts/prototype.js?1312468095" for 127.0.0.1 at Mon Aug 08 13:53:16 +0530 2011

ActionController::RoutingError (No route matches "/javascripts/prototype.js"):
  

Rendered /var/lib/gems/1.8/gems/actionpack-3.0.9/lib/action_dispatch/middleware/templates/rescues/routing_error.erb within rescues/layout (0.7ms)


Started GET "/javascripts/effects.js?1312468095" for 127.0.0.1 at Mon Aug 08 13:53:16 +0530 2011

ActionController::RoutingError (No route matches "/javascripts/effects.js"):
  

Rendered /var/lib/gems/1.8/gems/actionpack-3.0.9/lib/action_dispatch/middleware/templates/rescues/routing_error.erb within rescues/layout (0.7ms)


Started GET "/javascripts/dragdrop.js?1312468095" for 127.0.0.1 at Mon Aug 08 13:53:16 +0530 2011

ActionController::RoutingError (No route matches "/javascripts/dragdrop.js"):
  

Rendered /var/lib/gems/1.8/gems/actionpack-3.0.9/lib/action_dispatch/middleware/templates/rescues/routing_error.erb within rescues/layout (0.8ms)


Started GET "/javascripts/controls.js?1312468095" for 127.0.0.1 at Mon Aug 08 13:53:16 +0530 2011

ActionController::RoutingError (No route matches "/javascripts/controls.js"):
  

Rendered /var/lib/gems/1.8/gems/actionpack-3.0.9/lib/action_dispatch/middleware/templates/rescues/routing_error.erb within rescues/layout (2.5ms)


Started GET "/javascripts/rails.js?1312468095" for 127.0.0.1 at Mon Aug 08 13:53:16 +0530 2011

ActionController::RoutingError (No route matches "/javascripts/rails.js"):
  

Rendered /var/lib/gems/1.8/gems/actionpack-3.0.9/lib/action_dispatch/middleware/templates/rescues/routing_error.erb within rescues/layout (0.7ms)


Started GET "/javascripts/application.js?1312468095" for 127.0.0.1 at Mon Aug 08 13:53:16 +0530 2011

ActionController::RoutingError (No route matches "/javascripts/application.js"):
  

Rendered /var/lib/gems/1.8/gems/actionpack-3.0.9/lib/action_dispatch/middleware/templates/rescues/routing_error.erb within rescues/layout (0.8ms)


Started GET "/javascripts/effects.js?1312468095" for 127.0.0.1 at Mon Aug 08 13:53:16 +0530 2011

ActionController::RoutingError (No route matches "/javascripts/effects.js"):
  

Rendered /var/lib/gems/1.8/gems/actionpack-3.0.9/lib/action_dispatch/middleware/templates/rescues/routing_error.erb within rescues/layout (0.8ms)


Started GET "/javascripts/dragdrop.js?1312468095" for 127.0.0.1 at Mon Aug 08 13:53:17 +0530 2011

ActionController::RoutingError (No route matches "/javascripts/dragdrop.js"):
  

Rendered /var/lib/gems/1.8/gems/actionpack-3.0.9/lib/action_dispatch/middleware/templates/rescues/routing_error.erb within rescues/layout (0.7ms)


Started GET "/javascripts/controls.js?1312468095" for 127.0.0.1 at Mon Aug 08 13:53:17 +0530 2011

ActionController::RoutingError (No route matches "/javascripts/controls.js"):
  

Rendered /var/lib/gems/1.8/gems/actionpack-3.0.9/lib/action_dispatch/middleware/templates/rescues/routing_error.erb within rescues/layout (0.7ms)


Started GET "/javascripts/rails.js?1312468095" for 127.0.0.1 at Mon Aug 08 13:53:17 +0530 2011

ActionController::RoutingError (No route matches "/javascripts/rails.js"):
  

Rendered /var/lib/gems/1.8/gems/actionpack-3.0.9/lib/action_dispatch/middleware/templates/rescues/routing_error.erb within rescues/layout (0.7ms)


Started GET "/javascripts/application.js?1312468095" for 127.0.0.1 at Mon Aug 08 13:53:17 +0530 2011

ActionController::RoutingError (No route matches "/javascripts/application.js"):
  

Rendered /var/lib/gems/1.8/gems/actionpack-3.0.9/lib/action_dispatch/middleware/templates/rescues/routing_error.erb within rescues/layout (0.7ms)


Started GET "/" for 127.0.0.1 at Mon Aug 08 14:22:24 +0530 2011
  Processing by TickerController#index as HTML
Rendered ticker/index.html.erb within layouts/application (3.2ms)
Completed 200 OK in 9ms (Views: 5.9ms | ActiveRecord: 0.1ms)


Started GET "/favicon.ico" for 127.0.0.1 at Mon Aug 08 14:22:31 +0530 2011

ActionController::RoutingError (No route matches "/favicon.ico"):
  

Rendered /var/lib/gems/1.8/gems/actionpack-3.0.9/lib/action_dispatch/middleware/templates/rescues/routing_error.erb within rescues/layout (0.7ms)


Started GET "/favicon.ico" for 127.0.0.1 at Mon Aug 08 14:22:34 +0530 2011

ActionController::RoutingError (No route matches "/favicon.ico"):
  

Rendered /var/lib/gems/1.8/gems/actionpack-3.0.9/lib/action_dispatch/middleware/templates/rescues/routing_error.erb within rescues/layout (0.7ms)


Started GET "/" for 127.0.0.1 at Tue Sep 20 21:42:11 +0530 2011
  Processing by TickerController#index as HTML
Rendered ticker/index.html.erb within layouts/application (3.1ms)
Completed 200 OK in 29ms (Views: 18.3ms | ActiveRecord: 7.6ms)


Started GET "/favicon.ico" for 127.0.0.1 at Tue Sep 20 21:42:13 +0530 2011

ActionController::RoutingError (No route matches "/favicon.ico"):
  

Rendered /var/lib/gems/1.8/gems/actionpack-3.0.9/lib/action_dispatch/middleware/templates/rescues/routing_error.erb within rescues/layout (0.8ms)


Started GET "/favicon.ico" for 127.0.0.1 at Tue Sep 20 21:42:16 +0530 2011

ActionController::RoutingError (No route matches "/favicon.ico"):
  

Rendered /var/lib/gems/1.8/gems/actionpack-3.0.9/lib/action_dispatch/middleware/templates/rescues/routing_error.erb within rescues/layout (0.7ms)


Started GET "/" for 127.0.0.1 at Tue Sep 20 21:43:33 +0530 2011
  Processing by TickerController#index as HTML
Rendered ticker/index.html.erb within layouts/application (3.0ms)
Completed 200 OK in 6ms (Views: 3.8ms | ActiveRecord: 0.2ms)


Started GET "/" for 127.0.0.1 at Tue Sep 20 21:44:49 +0530 2011
  Processing by TickerController#index as HTML
Rendered ticker/index.html.erb within layouts/application (2.4ms)
Completed 200 OK in 6ms (Views: 3.2ms | ActiveRecord: 0.4ms)


Started GET "/" for 127.0.0.1 at Sat Oct 15 19:49:27 +0530 2011
  Processing by TickerController#index as HTML
Rendered ticker/index.html.erb within layouts/application (5.7ms)
Completed 200 OK in 10ms (Views: 7.3ms | ActiveRecord: 1.6ms)


Started GET "/favicon.ico" for 127.0.0.1 at Sat Oct 15 19:49:27 +0530 2011

ActionController::RoutingError (No route matches "/favicon.ico"):
  

Rendered /var/lib/gems/1.8/gems/actionpack-3.0.9/lib/action_dispatch/middleware/templates/rescues/routing_error.erb within rescues/layout (1.2ms)


Started GET "/favicon.ico" for 127.0.0.1 at Sat Oct 15 19:49:30 +0530 2011

ActionController::RoutingError (No route matches "/favicon.ico"):
  

Rendered /var/lib/gems/1.8/gems/actionpack-3.0.9/lib/action_dispatch/middleware/templates/rescues/routing_error.erb within rescues/layout (0.6ms)
